<?xml version="1.0" encoding="UTF-8"?>
<!-- Generated by org.testng.reporters.JUnitXMLReporter -->
<testsuite ignored="0" hostname="DESKTOP-5P6L34C" failures="0" tests="3" name="Default test" time="0.073" errors="0" timestamp="2022-08-14T14:24:41 IST">
  <testcase classname="training.testng.TestPrioritization" name="createPatient" time="0.009"/>
  <testcase classname="training.testng.TestPrioritization" name="updatePatient" time="0.005"/>
  <testcase classname="training.testng.TestPrioritization" name="deletePatient" time="0.001"/>
</testsuite> <!-- Default test -->
