<?xml version="1.0" encoding="UTF-8"?>
<!-- Generated by org.testng.reporters.JUnitXMLReporter -->
<testsuite ignored="0" hostname="DESKTOP-5P6L34C" failures="0" tests="5" name="Default test" time="0.069" errors="0" timestamp="2022-08-14T16:02:44 IST">
  <testcase classname="training.testng.dataprovider.DataProviderExample" name="dataProvider1ExampleTest" time="0.008"/>
  <testcase classname="training.testng.dataprovider.DataProviderExample" name="dataProvider1ExampleTest" time="0.0"/>
  <testcase classname="training.testng.dataprovider.DataProviderExample" name="dataProvider1ExampleTest" time="0.001"/>
  <testcase classname="training.testng.dataprovider.DataProviderExample" name="dataProviderExampleTest" time="0.0"/>
  <testcase classname="training.testng.dataprovider.DataProviderExample" name="dataProviderExampleTest" time="0.001"/>
</testsuite> <!-- Default test -->
