<?xml version="1.0" encoding="UTF-8"?>
<!-- Generated by org.testng.reporters.JUnitXMLReporter -->
<testsuite ignored="0" hostname="DESKTOP-5P6L34C" failures="0" tests="10" name="Test" time="0.053" errors="0" timestamp="2022-08-14T16:15:32 IST">
  <testcase classname="training.testng.ParallerExecution" name="test" time="0.008"/>
  <testcase classname="training.testng.ParallerExecution" name="test2" time="0.001"/>
  <testcase classname="training.testng.ParallerExecution" name="test3" time="0.0"/>
  <testcase classname="training.testng.ParallerExecution" name="test4" time="0.001"/>
  <testcase classname="training.testng.ParallerExecution" name="test5" time="0.001"/>
  <testcase classname="training.testng.ParallerExecution1" name="test" time="0.001"/>
  <testcase classname="training.testng.ParallerExecution1" name="test2" time="0.001"/>
  <testcase classname="training.testng.ParallerExecution1" name="test3" time="0.002"/>
  <testcase classname="training.testng.ParallerExecution1" name="test4" time="0.001"/>
  <testcase classname="training.testng.ParallerExecution1" name="test5" time="0.001"/>
</testsuite> <!-- Test -->
