<?xml version="1.0" encoding="UTF-8"?>
<!-- Generated by org.testng.reporters.JUnitXMLReporter -->
<testsuite ignored="3" hostname="DESKTOP-5P6L34C" failures="0" tests="5" name="Test" time="0.074" errors="0" timestamp="2022-08-14T14:43:08 IST">
  <testcase classname="training.testng.TestPrioritization" name="createPatient" time="0.01"/>
  <testcase classname="training.testng.TestPrioritization" name="updatePatient" time="0.002"/>
  <testcase classname="training.testng.Annotations" name="testOne" time="0.001"/>
  <testcase classname="training.testng.Annotations" name="testThree" time="0.001"/>
  <testcase classname="training.testng.Annotations" name="testTwo" time="0.002"/>
  <testcase classname="training.testng.Annotations2" name="firstTest" time="0.0">
    <ignored/>
  </testcase> <!-- firstTest -->
  <testcase classname="training.testng.TestPrioritization" name="deletePatient" time="0.0">
    <ignored/>
  </testcase> <!-- deletePatient -->
  <testcase classname="training.testng.Annotations2" name="secondTest" time="0.0">
    <ignored/>
  </testcase> <!-- secondTest -->
</testsuite> <!-- Test -->
