<?xml version="1.0" encoding="UTF-8"?>
<!-- Generated by org.testng.reporters.JUnitXMLReporter -->
<testsuite ignored="0" hostname="DESKTOP-5P6L34C" failures="0" tests="5" name="Test" time="0.079" errors="0" timestamp="2022-08-14T11:53:42 IST">
  <testcase classname="training.testng.Annotations2" name="firstTest" time="0.008"/>
  <testcase classname="training.testng.Annotations2" name="secondTest" time="0.0"/>
  <testcase classname="training.testng.Annotations" name="testOne" time="0.002"/>
  <testcase classname="training.testng.Annotations" name="testThree" time="0.002"/>
  <testcase classname="training.testng.Annotations" name="testTwo" time="0.001"/>
</testsuite> <!-- Test -->
