<?xml version="1.0" encoding="UTF-8"?>
<testng-results ignored="1" total="2" passed="1" failed="0" skipped="0">
  <reporter-output>
  </reporter-output>
  <suite started-at="2022-08-14T15:43:42 IST" name="Failed suite [Default suite]" finished-at="2022-08-14T15:43:42 IST" duration-ms="42">
    <groups>
    </groups>
    <test started-at="2022-08-14T15:43:42 IST" name="Default test(failed)" finished-at="2022-08-14T15:43:42 IST" duration-ms="42">
      <class name="training.testng.dataprovider.DataProviderExample">
        <test-method signature="dataProvider1ExampleTest(int,int,int)[pri:0, instance:training.testng.dataprovider.DataProviderExample@5fd4f8f5]" started-at="2022-08-14T15:43:42 IST" name="dataProvider1ExampleTest" data-provider="data-provider-1" finished-at="2022-08-14T15:43:42 IST" duration-ms="6" status="PASS">
          <params>
            <param index="0">
              <value>
                <![CDATA[3]]>
              </value>
            </param>
            <param index="1">
              <value>
                <![CDATA[4]]>
              </value>
            </param>
            <param index="2">
              <value>
                <![CDATA[7]]>
              </value>
            </param>
          </params>
          <reporter-output>
          </reporter-output>
        </test-method> <!-- dataProvider1ExampleTest -->
      </class> <!-- training.testng.dataprovider.DataProviderExample -->
    </test> <!-- Default test(failed) -->
  </suite> <!-- Failed suite [Default suite] -->
</testng-results>
