<?xml version="1.0" encoding="UTF-8"?>
<testng-results ignored="3" total="8" passed="5" failed="0" skipped="0">
  <reporter-output>
  </reporter-output>
  <suite started-at="2022-08-14T14:43:08 IST" name="Suite" finished-at="2022-08-14T14:43:08 IST" duration-ms="74">
    <groups>
      <group name="Regression">
        <method signature="TestPrioritization.createPatient()[pri:1, instance:training.testng.TestPrioritization@732c2a62]" name="createPatient" class="training.testng.TestPrioritization"/>
        <method signature="TestPrioritization.updatePatient()[pri:2, instance:training.testng.TestPrioritization@732c2a62]" name="updatePatient" class="training.testng.TestPrioritization"/>
      </group> <!-- Regression -->
    </groups>
    <test started-at="2022-08-14T14:43:08 IST" name="Test" finished-at="2022-08-14T14:43:08 IST" duration-ms="74">
      <class name="training.testng.TestPrioritization">
        <test-method signature="createPatient()[pri:1, instance:training.testng.TestPrioritization@732c2a62]" started-at="2022-08-14T14:43:08 IST" name="createPatient" finished-at="2022-08-14T14:43:08 IST" duration-ms="10" status="PASS">
          <reporter-output>
          </reporter-output>
        </test-method> <!-- createPatient -->
        <test-method signature="updatePatient()[pri:2, instance:training.testng.TestPrioritization@732c2a62]" started-at="2022-08-14T14:43:08 IST" name="updatePatient" finished-at="2022-08-14T14:43:08 IST" depends-on-methods="training.testng.TestPrioritization.createPatient" duration-ms="2" status="PASS">
          <reporter-output>
          </reporter-output>
        </test-method> <!-- updatePatient -->
      </class> <!-- training.testng.TestPrioritization -->
      <class name="training.testng.Annotations">
        <test-method is-config="true" signature="setudp()[pri:0, instance:training.testng.Annotations@1b1426f4]" started-at="2022-08-14T14:43:08 IST" name="setudp" finished-at="2022-08-14T14:43:08 IST" duration-ms="1" status="PASS">
          <reporter-output>
          </reporter-output>
        </test-method> <!-- setudp -->
        <test-method is-config="true" signature="beforeMethod()[pri:0, instance:training.testng.Annotations@1b1426f4]" started-at="2022-08-14T14:43:08 IST" name="beforeMethod" finished-at="2022-08-14T14:43:08 IST" duration-ms="1" status="PASS">
          <reporter-output>
          </reporter-output>
        </test-method> <!-- beforeMethod -->
        <test-method signature="testOne()[pri:0, instance:training.testng.Annotations@1b1426f4]" started-at="2022-08-14T14:43:08 IST" name="testOne" finished-at="2022-08-14T14:43:08 IST" duration-ms="1" status="PASS">
          <reporter-output>
          </reporter-output>
        </test-method> <!-- testOne -->
        <test-method is-config="true" signature="afterMethod()[pri:0, instance:training.testng.Annotations@1b1426f4]" started-at="2022-08-14T14:43:08 IST" name="afterMethod" finished-at="2022-08-14T14:43:08 IST" duration-ms="0" status="PASS">
          <reporter-output>
          </reporter-output>
        </test-method> <!-- afterMethod -->
        <test-method is-config="true" signature="beforeMethod()[pri:0, instance:training.testng.Annotations@1b1426f4]" started-at="2022-08-14T14:43:08 IST" name="beforeMethod" finished-at="2022-08-14T14:43:08 IST" duration-ms="0" status="PASS">
          <reporter-output>
          </reporter-output>
        </test-method> <!-- beforeMethod -->
        <test-method signature="testThree()[pri:0, instance:training.testng.Annotations@1b1426f4]" started-at="2022-08-14T14:43:08 IST" name="testThree" finished-at="2022-08-14T14:43:08 IST" duration-ms="1" status="PASS">
          <reporter-output>
          </reporter-output>
        </test-method> <!-- testThree -->
        <test-method is-config="true" signature="afterMethod()[pri:0, instance:training.testng.Annotations@1b1426f4]" started-at="2022-08-14T14:43:08 IST" name="afterMethod" finished-at="2022-08-14T14:43:08 IST" duration-ms="0" status="PASS">
          <reporter-output>
          </reporter-output>
        </test-method> <!-- afterMethod -->
        <test-method is-config="true" signature="beforeMethod()[pri:0, instance:training.testng.Annotations@1b1426f4]" started-at="2022-08-14T14:43:08 IST" name="beforeMethod" finished-at="2022-08-14T14:43:08 IST" duration-ms="1" status="PASS">
          <reporter-output>
          </reporter-output>
        </test-method> <!-- beforeMethod -->
        <test-method signature="testTwo()[pri:0, instance:training.testng.Annotations@1b1426f4]" started-at="2022-08-14T14:43:08 IST" name="testTwo" finished-at="2022-08-14T14:43:08 IST" duration-ms="2" status="PASS">
          <reporter-output>
          </reporter-output>
        </test-method> <!-- testTwo -->
        <test-method is-config="true" signature="teardown()[pri:0, instance:training.testng.Annotations@1b1426f4]" started-at="2022-08-14T14:43:08 IST" name="teardown" finished-at="2022-08-14T14:43:08 IST" duration-ms="0" status="PASS">
          <reporter-output>
          </reporter-output>
        </test-method> <!-- teardown -->
        <test-method is-config="true" signature="afterMethod()[pri:0, instance:training.testng.Annotations@1b1426f4]" started-at="2022-08-14T14:43:08 IST" name="afterMethod" finished-at="2022-08-14T14:43:08 IST" duration-ms="0" status="PASS">
          <reporter-output>
          </reporter-output>
        </test-method> <!-- afterMethod -->
      </class> <!-- training.testng.Annotations -->
    </test> <!-- Test -->
  </suite> <!-- Suite -->
</testng-results>
